<?xml version="1.0" encoding="UTF-8"?>
<!-- Generated by org.testng.reporters.JUnitXMLReporter -->
<testsuite hostname="happy-PC" ignored="0" name="HMS_LOGIN" tests="1" failures="0" timestamp="23 Oct 2019 12:01:03 GMT" time="6.457" errors="0">
  <testcase name="@BeforeTest beforeTest" time="5.463" classname="data.D1">
    <failure type="org.openqa.selenium.SessionNotCreatedException" message="session not created
from disconnected: received Inspector.detached event
  (Session info: chrome=77.0.3865.120)
Build info: version: &amp;apos;3.141.59&amp;apos;, revision: &amp;apos;e82be7d358&amp;apos;, time: &amp;apos;2018-11-14T08:25:53&amp;apos;
System info: host: &amp;apos;HAPPY-PC&amp;apos;, ip: &amp;apos;192.168.0.25&amp;apos;, os.name: &amp;apos;Windows 7&amp;apos;, os.arch: &amp;apos;x86&amp;apos;, os.version: &amp;apos;6.1&amp;apos;, java.version: &amp;apos;1.8.0_221&amp;apos;
Driver info: driver.version: ChromeDriver
remote stacktrace: Backtrace:
	Ordinal0 [0x0031EB13+1501971]
	Ordinal0 [0x0029F6D1+980689]
	Ordinal0 [0x0022765F+489055]
	Ordinal0 [0x002202B5+459445]
	Ordinal0 [0x0021FEA4+458404]
	Ordinal0 [0x0021FA1D+457245]
	Ordinal0 [0x0021F21D+455197]
	Ordinal0 [0x0021EDE4+454116]
	Ordinal0 [0x0021EDA5+454053]
	Ordinal0 [0x00226525+484645]
	Ordinal0 [0x0021ED5C+453980]
	Ordinal0 [0x0021F6D1+456401]
	Ordinal0 [0x0021F21D+455197]
	Ordinal0 [0x0021EDE4+454116]
	Ordinal0 [0x0021EDA5+454053]
	Ordinal0 [0x00224ECE+478926]
	Ordinal0 [0x0021ED5C+453980]
	Ordinal0 [0x0021F6D1+456401]
	Ordinal0 [0x0021F21D+455197]
	Ordinal0 [0x0021EDE4+454116]
	Ordinal0 [0x0021EDA5+454053]
	Ordinal0 [0x0022365B+472667]
	Ordinal0 [0x0021ED5C+453980]
	Ordinal0 [0x0021F6D1+456401]
	Ordinal0 [0x0021F21D+455197]
	Ordinal0 [0x0021EDE4+454116]
	Ordinal0 [0x0021EDA5+454053]
	Ordinal0 [0x00222C67+470119]
	Ordinal0 [0x0021ED5C+453980]
	Ordinal0 [0x0021F6D1+456401]
	Ordinal0 [0x0021F21D+455197]
	Ordinal0 [0x0021EDE4+454116]
	Ordinal0 [0x0021EDA5+454053]
	Ordinal0 [0x0021BA0C+440844]
	Ordinal0 [0x0021ED5C+453980]
	Ordinal0 [0x0021EC44+453700]
	Ordinal0 [0x00228330+492336]
	Ordinal0 [0x001DA108+172296]
	Ordinal0 [0x001D942D+169005]
	Ordinal0 [0x001D78EB+162027]
	Ordinal0 [0x001C0AC7+68295]
	Ordinal0 [0x001C1B40+72512]
	Ordinal0 [0x001C1AD9+72409]
	Ordinal0 [0x002B8F37+1085239]
	GetHandleVerifier [0x003BD7ED+503293]
	GetHandleVerifier [0x003BD580+502672]
	GetHandleVerifier [0x003C46AC+531644]
	GetHandleVerifier [0x003BDFFA+505354]
	Ordinal0 [0x002B0606+1050118]
	Ordinal0 [0x002B047F+1049727]
	Ordinal0 [0x002BAF9B+1093531]
	Ordinal0 [0x002BB103+1093891]
	Ordinal0 [0x002BA095+1089685]
	BaseThreadInitThunk [0x771B3C45+18]
	RtlInitializeExceptionChain [0x776637F5+239]
	RtlInitializeExceptionChain [0x776637C8+194]
">
      <![CDATA[org.openqa.selenium.SessionNotCreatedException: session not created
from disconnected: received Inspector.detached event
  (Session info: chrome=77.0.3865.120)
Build info: version: '3.141.59', revision: 'e82be7d358', time: '2018-11-14T08:25:53'
System info: host: 'HAPPY-PC', ip: '192.168.0.25', os.name: 'Windows 7', os.arch: 'x86', os.version: '6.1', java.version: '1.8.0_221'
Driver info: driver.version: ChromeDriver
remote stacktrace: Backtrace:
Ordinal0 [0x0031EB13+1501971]
Ordinal0 [0x0029F6D1+980689]
Ordinal0 [0x0022765F+489055]
Ordinal0 [0x002202B5+459445]
Ordinal0 [0x0021FEA4+458404]
Ordinal0 [0x0021FA1D+457245]
Ordinal0 [0x0021F21D+455197]
Ordinal0 [0x0021EDE4+454116]
Ordinal0 [0x0021EDA5+454053]
Ordinal0 [0x00226525+484645]
Ordinal0 [0x0021ED5C+453980]
Ordinal0 [0x0021F6D1+456401]
Ordinal0 [0x0021F21D+455197]
Ordinal0 [0x0021EDE4+454116]
Ordinal0 [0x0021EDA5+454053]
Ordinal0 [0x00224ECE+478926]
Ordinal0 [0x0021ED5C+453980]
Ordinal0 [0x0021F6D1+456401]
Ordinal0 [0x0021F21D+455197]
Ordinal0 [0x0021EDE4+454116]
Ordinal0 [0x0021EDA5+454053]
Ordinal0 [0x0022365B+472667]
Ordinal0 [0x0021ED5C+453980]
Ordinal0 [0x0021F6D1+456401]
Ordinal0 [0x0021F21D+455197]
Ordinal0 [0x0021EDE4+454116]
Ordinal0 [0x0021EDA5+454053]
Ordinal0 [0x00222C67+470119]
Ordinal0 [0x0021ED5C+453980]
Ordinal0 [0x0021F6D1+456401]
Ordinal0 [0x0021F21D+455197]
Ordinal0 [0x0021EDE4+454116]
Ordinal0 [0x0021EDA5+454053]
Ordinal0 [0x0021BA0C+440844]
Ordinal0 [0x0021ED5C+453980]
Ordinal0 [0x0021EC44+453700]
Ordinal0 [0x00228330+492336]
Ordinal0 [0x001DA108+172296]
Ordinal0 [0x001D942D+169005]
Ordinal0 [0x001D78EB+162027]
Ordinal0 [0x001C0AC7+68295]
Ordinal0 [0x001C1B40+72512]
Ordinal0 [0x001C1AD9+72409]
Ordinal0 [0x002B8F37+1085239]
GetHandleVerifier [0x003BD7ED+503293]
GetHandleVerifier [0x003BD580+502672]
GetHandleVerifier [0x003C46AC+531644]
GetHandleVerifier [0x003BDFFA+505354]
Ordinal0 [0x002B0606+1050118]
Ordinal0 [0x002B047F+1049727]
Ordinal0 [0x002BAF9B+1093531]
Ordinal0 [0x002BB103+1093891]
Ordinal0 [0x002BA095+1089685]
BaseThreadInitThunk [0x771B3C45+18]
RtlInitializeExceptionChain [0x776637F5+239]
RtlInitializeExceptionChain [0x776637C8+194]

at org.openqa.selenium.remote.W3CHandshakeResponse.lambda$errorHandler$0(W3CHandshakeResponse.java:62)
at org.openqa.selenium.remote.HandshakeResponse.lambda$getResponseFunction$0(HandshakeResponse.java:30)
at org.openqa.selenium.remote.ProtocolHandshake.lambda$createSession$0(ProtocolHandshake.java:126)
at java.util.stream.ReferencePipeline$3$1.accept(Unknown Source)
at java.util.Spliterators$ArraySpliterator.tryAdvance(Unknown Source)
at java.util.stream.ReferencePipeline.forEachWithCancel(Unknown Source)
at java.util.stream.AbstractPipeline.copyIntoWithCancel(Unknown Source)
at java.util.stream.AbstractPipeline.copyInto(Unknown Source)
at java.util.stream.AbstractPipeline.wrapAndCopyInto(Unknown Source)
at java.util.stream.FindOps$FindOp.evaluateSequential(Unknown Source)
at java.util.stream.AbstractPipeline.evaluate(Unknown Source)
at java.util.stream.ReferencePipeline.findFirst(Unknown Source)
at org.openqa.selenium.remote.ProtocolHandshake.createSession(ProtocolHandshake.java:128)
at org.openqa.selenium.remote.ProtocolHandshake.createSession(ProtocolHandshake.java:74)
at org.openqa.selenium.remote.HttpCommandExecutor.execute(HttpCommandExecutor.java:136)
at org.openqa.selenium.remote.service.DriverCommandExecutor.execute(DriverCommandExecutor.java:83)
at org.openqa.selenium.remote.RemoteWebDriver.execute(RemoteWebDriver.java:552)
at org.openqa.selenium.remote.RemoteWebDriver.startSession(RemoteWebDriver.java:213)
at org.openqa.selenium.remote.RemoteWebDriver.<init>(RemoteWebDriver.java:131)
at org.openqa.selenium.chrome.ChromeDriver.<init>(ChromeDriver.java:181)
at org.openqa.selenium.chrome.ChromeDriver.<init>(ChromeDriver.java:168)
at org.openqa.selenium.chrome.ChromeDriver.<init>(ChromeDriver.java:123)
at data.D1.beforeTest(D1.java:22)
... Removed 28 stack frames]]>
    </failure>
  </testcase> <!-- @BeforeTest beforeTest -->
  <testcase name="Login" time="0.0" classname="data.D1">
    <skipped/>
  </testcase> <!-- Login -->
</testsuite> <!-- HMS_LOGIN -->
