<?xml version="1.0" encoding="UTF-8"?>
<testng-results skipped="1" failed="0" ignored="0" total="1" passed="0">
  <reporter-output>
  </reporter-output>
  <suite name="Default suite" duration-ms="4475" started-at="2019-11-14T13:26:27Z" finished-at="2019-11-14T13:26:32Z">
    <groups>
    </groups>
    <test name="Default test" duration-ms="4475" started-at="2019-11-14T13:26:27Z" finished-at="2019-11-14T13:26:32Z">
      <class name="com.rashmi.TestNG.HMS_Login_Result_Using_Excel">
        <test-method status="FAIL" signature="beforeTest()[pri:0, instance:com.rashmi.TestNG.HMS_Login_Result_Using_Excel@cb5822]" name="beforeTest" is-config="true" duration-ms="4301" started-at="2019-11-14T13:26:27Z" finished-at="2019-11-14T13:26:32Z">
          <exception class="org.openqa.selenium.SessionNotCreatedException">
            <message>
              <![CDATA[session not created: This version of ChromeDriver only supports Chrome version 75
Build info: version: '3.141.59', revision: 'e82be7d358', time: '2018-11-14T08:25:53'
System info: host: 'HAPPY-PC', ip: '192.168.0.15', os.name: 'Windows 7', os.arch: 'x86', os.version: '6.1', java.version: '1.8.0_221'
Driver info: driver.version: ChromeDriver
remote stacktrace: Backtrace:
Ordinal0 [0x00A61B43+1448771]
Ordinal0 [0x009E5A31+940593]
Ordinal0 [0x00972293+467603]
Ordinal0 [0x0090F27E+62078]
Ordinal0 [0x0090BBBD+48061]
Ordinal0 [0x00928D09+167177]
Ordinal0 [0x009288DD+166109]
Ordinal0 [0x00926FEB+159723]
Ordinal0 [0x009109F6+68086]
Ordinal0 [0x00911990+72080]
Ordinal0 [0x00911929+71977]
GetHandleVerifier [0x00BA2E8C+1172172]
GetHandleVerifier [0x00AFFE55+504469]
GetHandleVerifier [0x00AFFBF0+503856]
Ordinal0 [0x00A6C9C8+1493448]
GetHandleVerifier [0x00B0062A+506474]
Ordinal0 [0x009F7156+1012054]
Ordinal0 [0x009F6FCF+1011663]
Ordinal0 [0x00A0135B+1053531]
Ordinal0 [0x00A014C3+1053891]
Ordinal0 [0x00A004F5+1049845]
BaseThreadInitThunk [0x76C33C45+18]
RtlInitializeExceptionChain [0x77D237F5+239]
RtlInitializeExceptionChain [0x77D237C8+194]
]]>
            </message>
            <full-stacktrace>
              <![CDATA[org.openqa.selenium.SessionNotCreatedException: session not created: This version of ChromeDriver only supports Chrome version 75
Build info: version: '3.141.59', revision: 'e82be7d358', time: '2018-11-14T08:25:53'
System info: host: 'HAPPY-PC', ip: '192.168.0.15', os.name: 'Windows 7', os.arch: 'x86', os.version: '6.1', java.version: '1.8.0_221'
Driver info: driver.version: ChromeDriver
remote stacktrace: Backtrace:
Ordinal0 [0x00A61B43+1448771]
Ordinal0 [0x009E5A31+940593]
Ordinal0 [0x00972293+467603]
Ordinal0 [0x0090F27E+62078]
Ordinal0 [0x0090BBBD+48061]
Ordinal0 [0x00928D09+167177]
Ordinal0 [0x009288DD+166109]
Ordinal0 [0x00926FEB+159723]
Ordinal0 [0x009109F6+68086]
Ordinal0 [0x00911990+72080]
Ordinal0 [0x00911929+71977]
GetHandleVerifier [0x00BA2E8C+1172172]
GetHandleVerifier [0x00AFFE55+504469]
GetHandleVerifier [0x00AFFBF0+503856]
Ordinal0 [0x00A6C9C8+1493448]
GetHandleVerifier [0x00B0062A+506474]
Ordinal0 [0x009F7156+1012054]
Ordinal0 [0x009F6FCF+1011663]
Ordinal0 [0x00A0135B+1053531]
Ordinal0 [0x00A014C3+1053891]
Ordinal0 [0x00A004F5+1049845]
BaseThreadInitThunk [0x76C33C45+18]
RtlInitializeExceptionChain [0x77D237F5+239]
RtlInitializeExceptionChain [0x77D237C8+194]

at sun.reflect.NativeConstructorAccessorImpl.newInstance0(Native Method)
at sun.reflect.NativeConstructorAccessorImpl.newInstance(Unknown Source)
at sun.reflect.DelegatingConstructorAccessorImpl.newInstance(Unknown Source)
at java.lang.reflect.Constructor.newInstance(Unknown Source)
at org.openqa.selenium.remote.W3CHandshakeResponse.lambda$errorHandler$0(W3CHandshakeResponse.java:62)
at org.openqa.selenium.remote.HandshakeResponse.lambda$getResponseFunction$0(HandshakeResponse.java:30)
at org.openqa.selenium.remote.ProtocolHandshake.lambda$createSession$0(ProtocolHandshake.java:126)
at java.util.stream.ReferencePipeline$3$1.accept(Unknown Source)
at java.util.Spliterators$ArraySpliterator.tryAdvance(Unknown Source)
at java.util.stream.ReferencePipeline.forEachWithCancel(Unknown Source)
at java.util.stream.AbstractPipeline.copyIntoWithCancel(Unknown Source)
at java.util.stream.AbstractPipeline.copyInto(Unknown Source)
at java.util.stream.AbstractPipeline.wrapAndCopyInto(Unknown Source)
at java.util.stream.FindOps$FindOp.evaluateSequential(Unknown Source)
at java.util.stream.AbstractPipeline.evaluate(Unknown Source)
at java.util.stream.ReferencePipeline.findFirst(Unknown Source)
at org.openqa.selenium.remote.ProtocolHandshake.createSession(ProtocolHandshake.java:128)
at org.openqa.selenium.remote.ProtocolHandshake.createSession(ProtocolHandshake.java:74)
at org.openqa.selenium.remote.HttpCommandExecutor.execute(HttpCommandExecutor.java:136)
at org.openqa.selenium.remote.service.DriverCommandExecutor.execute(DriverCommandExecutor.java:83)
at org.openqa.selenium.remote.RemoteWebDriver.execute(RemoteWebDriver.java:552)
at org.openqa.selenium.remote.RemoteWebDriver.startSession(RemoteWebDriver.java:213)
at org.openqa.selenium.remote.RemoteWebDriver.<init>(RemoteWebDriver.java:131)
at org.openqa.selenium.chrome.ChromeDriver.<init>(ChromeDriver.java:181)
at org.openqa.selenium.chrome.ChromeDriver.<init>(ChromeDriver.java:168)
at org.openqa.selenium.chrome.ChromeDriver.<init>(ChromeDriver.java:123)
at com.rashmi.TestNG.HMS_Login_Result_Using_Excel.beforeTest(HMS_Login_Result_Using_Excel.java:79)
at sun.reflect.NativeMethodAccessorImpl.invoke0(Native Method)
at sun.reflect.NativeMethodAccessorImpl.invoke(Unknown Source)
at sun.reflect.DelegatingMethodAccessorImpl.invoke(Unknown Source)
at java.lang.reflect.Method.invoke(Unknown Source)
at org.testng.internal.MethodInvocationHelper.invokeMethod(MethodInvocationHelper.java:124)
at org.testng.internal.MethodInvocationHelper.invokeMethodConsideringTimeout(MethodInvocationHelper.java:59)
at org.testng.internal.Invoker.invokeConfigurationMethod(Invoker.java:458)
at org.testng.internal.Invoker.invokeConfigurations(Invoker.java:222)
at org.testng.internal.Invoker.invokeConfigurations(Invoker.java:142)
at org.testng.TestRunner.beforeRun(TestRunner.java:529)
at org.testng.TestRunner.run(TestRunner.java:497)
at org.testng.SuiteRunner.runTest(SuiteRunner.java:455)
at org.testng.SuiteRunner.runSequentially(SuiteRunner.java:450)
at org.testng.SuiteRunner.privateRun(SuiteRunner.java:415)
at org.testng.SuiteRunner.run(SuiteRunner.java:364)
at org.testng.SuiteRunnerWorker.runSuite(SuiteRunnerWorker.java:52)
at org.testng.SuiteRunnerWorker.run(SuiteRunnerWorker.java:84)
at org.testng.TestNG.runSuitesSequentially(TestNG.java:1208)
at org.testng.TestNG.runSuitesLocally(TestNG.java:1137)
at org.testng.TestNG.runSuites(TestNG.java:1049)
at org.testng.TestNG.run(TestNG.java:1017)
at org.testng.remote.AbstractRemoteTestNG.run(AbstractRemoteTestNG.java:114)
at org.testng.remote.RemoteTestNG.initAndRun(RemoteTestNG.java:251)
at org.testng.remote.RemoteTestNG.main(RemoteTestNG.java:77)
]]>
            </full-stacktrace>
          </exception> <!-- org.openqa.selenium.SessionNotCreatedException -->
          <reporter-output>
          </reporter-output>
        </test-method> <!-- beforeTest -->
        <test-method status="SKIP" signature="loginLogot()[pri:0, instance:com.rashmi.TestNG.HMS_Login_Result_Using_Excel@cb5822]" name="loginLogot" duration-ms="0" started-at="2019-11-14T13:26:32Z" finished-at="2019-11-14T13:26:32Z">
          <exception class="org.openqa.selenium.SessionNotCreatedException">
            <message>
              <![CDATA[session not created: This version of ChromeDriver only supports Chrome version 75
Build info: version: '3.141.59', revision: 'e82be7d358', time: '2018-11-14T08:25:53'
System info: host: 'HAPPY-PC', ip: '192.168.0.15', os.name: 'Windows 7', os.arch: 'x86', os.version: '6.1', java.version: '1.8.0_221'
Driver info: driver.version: ChromeDriver
remote stacktrace: Backtrace:
Ordinal0 [0x00A61B43+1448771]
Ordinal0 [0x009E5A31+940593]
Ordinal0 [0x00972293+467603]
Ordinal0 [0x0090F27E+62078]
Ordinal0 [0x0090BBBD+48061]
Ordinal0 [0x00928D09+167177]
Ordinal0 [0x009288DD+166109]
Ordinal0 [0x00926FEB+159723]
Ordinal0 [0x009109F6+68086]
Ordinal0 [0x00911990+72080]
Ordinal0 [0x00911929+71977]
GetHandleVerifier [0x00BA2E8C+1172172]
GetHandleVerifier [0x00AFFE55+504469]
GetHandleVerifier [0x00AFFBF0+503856]
Ordinal0 [0x00A6C9C8+1493448]
GetHandleVerifier [0x00B0062A+506474]
Ordinal0 [0x009F7156+1012054]
Ordinal0 [0x009F6FCF+1011663]
Ordinal0 [0x00A0135B+1053531]
Ordinal0 [0x00A014C3+1053891]
Ordinal0 [0x00A004F5+1049845]
BaseThreadInitThunk [0x76C33C45+18]
RtlInitializeExceptionChain [0x77D237F5+239]
RtlInitializeExceptionChain [0x77D237C8+194]
]]>
            </message>
            <full-stacktrace>
              <![CDATA[org.openqa.selenium.SessionNotCreatedException: session not created: This version of ChromeDriver only supports Chrome version 75
Build info: version: '3.141.59', revision: 'e82be7d358', time: '2018-11-14T08:25:53'
System info: host: 'HAPPY-PC', ip: '192.168.0.15', os.name: 'Windows 7', os.arch: 'x86', os.version: '6.1', java.version: '1.8.0_221'
Driver info: driver.version: ChromeDriver
remote stacktrace: Backtrace:
Ordinal0 [0x00A61B43+1448771]
Ordinal0 [0x009E5A31+940593]
Ordinal0 [0x00972293+467603]
Ordinal0 [0x0090F27E+62078]
Ordinal0 [0x0090BBBD+48061]
Ordinal0 [0x00928D09+167177]
Ordinal0 [0x009288DD+166109]
Ordinal0 [0x00926FEB+159723]
Ordinal0 [0x009109F6+68086]
Ordinal0 [0x00911990+72080]
Ordinal0 [0x00911929+71977]
GetHandleVerifier [0x00BA2E8C+1172172]
GetHandleVerifier [0x00AFFE55+504469]
GetHandleVerifier [0x00AFFBF0+503856]
Ordinal0 [0x00A6C9C8+1493448]
GetHandleVerifier [0x00B0062A+506474]
Ordinal0 [0x009F7156+1012054]
Ordinal0 [0x009F6FCF+1011663]
Ordinal0 [0x00A0135B+1053531]
Ordinal0 [0x00A014C3+1053891]
Ordinal0 [0x00A004F5+1049845]
BaseThreadInitThunk [0x76C33C45+18]
RtlInitializeExceptionChain [0x77D237F5+239]
RtlInitializeExceptionChain [0x77D237C8+194]

at sun.reflect.NativeConstructorAccessorImpl.newInstance0(Native Method)
at sun.reflect.NativeConstructorAccessorImpl.newInstance(Unknown Source)
at sun.reflect.DelegatingConstructorAccessorImpl.newInstance(Unknown Source)
at java.lang.reflect.Constructor.newInstance(Unknown Source)
at org.openqa.selenium.remote.W3CHandshakeResponse.lambda$errorHandler$0(W3CHandshakeResponse.java:62)
at org.openqa.selenium.remote.HandshakeResponse.lambda$getResponseFunction$0(HandshakeResponse.java:30)
at org.openqa.selenium.remote.ProtocolHandshake.lambda$createSession$0(ProtocolHandshake.java:126)
at java.util.stream.ReferencePipeline$3$1.accept(Unknown Source)
at java.util.Spliterators$ArraySpliterator.tryAdvance(Unknown Source)
at java.util.stream.ReferencePipeline.forEachWithCancel(Unknown Source)
at java.util.stream.AbstractPipeline.copyIntoWithCancel(Unknown Source)
at java.util.stream.AbstractPipeline.copyInto(Unknown Source)
at java.util.stream.AbstractPipeline.wrapAndCopyInto(Unknown Source)
at java.util.stream.FindOps$FindOp.evaluateSequential(Unknown Source)
at java.util.stream.AbstractPipeline.evaluate(Unknown Source)
at java.util.stream.ReferencePipeline.findFirst(Unknown Source)
at org.openqa.selenium.remote.ProtocolHandshake.createSession(ProtocolHandshake.java:128)
at org.openqa.selenium.remote.ProtocolHandshake.createSession(ProtocolHandshake.java:74)
at org.openqa.selenium.remote.HttpCommandExecutor.execute(HttpCommandExecutor.java:136)
at org.openqa.selenium.remote.service.DriverCommandExecutor.execute(DriverCommandExecutor.java:83)
at org.openqa.selenium.remote.RemoteWebDriver.execute(RemoteWebDriver.java:552)
at org.openqa.selenium.remote.RemoteWebDriver.startSession(RemoteWebDriver.java:213)
at org.openqa.selenium.remote.RemoteWebDriver.<init>(RemoteWebDriver.java:131)
at org.openqa.selenium.chrome.ChromeDriver.<init>(ChromeDriver.java:181)
at org.openqa.selenium.chrome.ChromeDriver.<init>(ChromeDriver.java:168)
at org.openqa.selenium.chrome.ChromeDriver.<init>(ChromeDriver.java:123)
at com.rashmi.TestNG.HMS_Login_Result_Using_Excel.beforeTest(HMS_Login_Result_Using_Excel.java:79)
at sun.reflect.NativeMethodAccessorImpl.invoke0(Native Method)
at sun.reflect.NativeMethodAccessorImpl.invoke(Unknown Source)
at sun.reflect.DelegatingMethodAccessorImpl.invoke(Unknown Source)
at java.lang.reflect.Method.invoke(Unknown Source)
at org.testng.internal.MethodInvocationHelper.invokeMethod(MethodInvocationHelper.java:124)
at org.testng.internal.MethodInvocationHelper.invokeMethodConsideringTimeout(MethodInvocationHelper.java:59)
at org.testng.internal.Invoker.invokeConfigurationMethod(Invoker.java:458)
at org.testng.internal.Invoker.invokeConfigurations(Invoker.java:222)
at org.testng.internal.Invoker.invokeConfigurations(Invoker.java:142)
at org.testng.TestRunner.beforeRun(TestRunner.java:529)
at org.testng.TestRunner.run(TestRunner.java:497)
at org.testng.SuiteRunner.runTest(SuiteRunner.java:455)
at org.testng.SuiteRunner.runSequentially(SuiteRunner.java:450)
at org.testng.SuiteRunner.privateRun(SuiteRunner.java:415)
at org.testng.SuiteRunner.run(SuiteRunner.java:364)
at org.testng.SuiteRunnerWorker.runSuite(SuiteRunnerWorker.java:52)
at org.testng.SuiteRunnerWorker.run(SuiteRunnerWorker.java:84)
at org.testng.TestNG.runSuitesSequentially(TestNG.java:1208)
at org.testng.TestNG.runSuitesLocally(TestNG.java:1137)
at org.testng.TestNG.runSuites(TestNG.java:1049)
at org.testng.TestNG.run(TestNG.java:1017)
at org.testng.remote.AbstractRemoteTestNG.run(AbstractRemoteTestNG.java:114)
at org.testng.remote.RemoteTestNG.initAndRun(RemoteTestNG.java:251)
at org.testng.remote.RemoteTestNG.main(RemoteTestNG.java:77)
]]>
            </full-stacktrace>
          </exception> <!-- org.openqa.selenium.SessionNotCreatedException -->
          <reporter-output>
          </reporter-output>
        </test-method> <!-- loginLogot -->
      </class> <!-- com.rashmi.TestNG.HMS_Login_Result_Using_Excel -->
    </test> <!-- Default test -->
  </suite> <!-- Default suite -->
</testng-results>
