<?xml version="1.0" encoding="UTF-8"?>
<!-- Generated by org.testng.reporters.JUnitReportReporter -->
<testsuite skipped="1" hostname="happy-PC" name="homepage.TC001_CustomerRegd" tests="2" failures="0" timestamp="31 Oct 2019 06:43:45 GMT" time="9.270" errors="1">
  <testcase name="beforeTest" time="9.270" classname="homepage.TC001_CustomerRegd">
    <error type="org.openqa.selenium.SessionNotCreatedException" message="session not created: This version of ChromeDriver only supports Chrome version 75
Build info: version: &#039;3.141.59&#039;, revision: &#039;e82be7d358&#039;, time: &#039;2018-11-14T08:17:03&#039;
System info: host: &#039;HAPPY-PC&#039;, ip: &#039;192.168.0.3&#039;, os.name: &#039;Windows 7&#039;, os.arch: &#039;x86&#039;, os.version: &#039;6.1&#039;, java.version: &#039;1.8.0_221&#039;
Driver info: driver.version: ChromeDriver
remote stacktrace: Backtrace:
	Ordinal0 [0x00441B43+1448771]
	Ordinal0 [0x003C5A31+940593]
	Ordinal0 [0x00352293+467603]
	Ordinal0 [0x002EF27E+62078]
	Ordinal0 [0x002EBBBD+48061]
	Ordinal0 [0x00308D09+167177]
	Ordinal0 [0x003088DD+166109]
	Ordinal0 [0x00306FEB+159723]
	Ordinal0 [0x002F09F6+68086]
	Ordinal0 [0x002F1990+72080]
	Ordinal0 [0x002F1929+71977]
	GetHandleVerifier [0x00582E8C+1172172]
	GetHandleVerifier [0x004DFE55+504469]
	GetHandleVerifier [0x004DFBF0+503856]
	Ordinal0 [0x0044C9C8+1493448]
	GetHandleVerifier [0x004E062A+506474]
	Ordinal0 [0x003D7156+1012054]
	Ordinal0 [0x003D6FCF+1011663]
	Ordinal0 [0x003E135B+1053531]
	Ordinal0 [0x003E14C3+1053891]
	Ordinal0 [0x003E04F5+1049845]
	BaseThreadInitThunk [0x770B3C45+18]
	RtlInitializeExceptionChain [0x778F37F5+239]
	RtlInitializeExceptionChain [0x778F37C8+194]
">
      <![CDATA[org.openqa.selenium.SessionNotCreatedException: session not created: This version of ChromeDriver only supports Chrome version 75
Build info: version: '3.141.59', revision: 'e82be7d358', time: '2018-11-14T08:17:03'
System info: host: 'HAPPY-PC', ip: '192.168.0.3', os.name: 'Windows 7', os.arch: 'x86', os.version: '6.1', java.version: '1.8.0_221'
Driver info: driver.version: ChromeDriver
remote stacktrace: Backtrace:
Ordinal0 [0x00441B43+1448771]
Ordinal0 [0x003C5A31+940593]
Ordinal0 [0x00352293+467603]
Ordinal0 [0x002EF27E+62078]
Ordinal0 [0x002EBBBD+48061]
Ordinal0 [0x00308D09+167177]
Ordinal0 [0x003088DD+166109]
Ordinal0 [0x00306FEB+159723]
Ordinal0 [0x002F09F6+68086]
Ordinal0 [0x002F1990+72080]
Ordinal0 [0x002F1929+71977]
GetHandleVerifier [0x00582E8C+1172172]
GetHandleVerifier [0x004DFE55+504469]
GetHandleVerifier [0x004DFBF0+503856]
Ordinal0 [0x0044C9C8+1493448]
GetHandleVerifier [0x004E062A+506474]
Ordinal0 [0x003D7156+1012054]
Ordinal0 [0x003D6FCF+1011663]
Ordinal0 [0x003E135B+1053531]
Ordinal0 [0x003E14C3+1053891]
Ordinal0 [0x003E04F5+1049845]
BaseThreadInitThunk [0x770B3C45+18]
RtlInitializeExceptionChain [0x778F37F5+239]
RtlInitializeExceptionChain [0x778F37C8+194]

at sun.reflect.NativeConstructorAccessorImpl.newInstance0(Native Method)
at sun.reflect.NativeConstructorAccessorImpl.newInstance(NativeConstructorAccessorImpl.java:62)
at sun.reflect.DelegatingConstructorAccessorImpl.newInstance(DelegatingConstructorAccessorImpl.java:45)
at java.lang.reflect.Constructor.newInstance(Constructor.java:423)
at org.openqa.selenium.remote.W3CHandshakeResponse.lambda$errorHandler$0(W3CHandshakeResponse.java:62)
at org.openqa.selenium.remote.HandshakeResponse.lambda$getResponseFunction$0(HandshakeResponse.java:30)
at org.openqa.selenium.remote.ProtocolHandshake.lambda$createSession$0(ProtocolHandshake.java:126)
at java.util.stream.ReferencePipeline$3$1.accept(ReferencePipeline.java:193)
at java.util.Spliterators$ArraySpliterator.tryAdvance(Spliterators.java:958)
at java.util.stream.ReferencePipeline.forEachWithCancel(ReferencePipeline.java:126)
at java.util.stream.AbstractPipeline.copyIntoWithCancel(AbstractPipeline.java:499)
at java.util.stream.AbstractPipeline.copyInto(AbstractPipeline.java:486)
at java.util.stream.AbstractPipeline.wrapAndCopyInto(AbstractPipeline.java:472)
at java.util.stream.FindOps$FindOp.evaluateSequential(FindOps.java:152)
at java.util.stream.AbstractPipeline.evaluate(AbstractPipeline.java:234)
at java.util.stream.ReferencePipeline.findFirst(ReferencePipeline.java:464)
at org.openqa.selenium.remote.ProtocolHandshake.createSession(ProtocolHandshake.java:128)
at org.openqa.selenium.remote.ProtocolHandshake.createSession(ProtocolHandshake.java:74)
at org.openqa.selenium.remote.HttpCommandExecutor.execute(HttpCommandExecutor.java:136)
at org.openqa.selenium.remote.service.DriverCommandExecutor.execute(DriverCommandExecutor.java:83)
at org.openqa.selenium.remote.RemoteWebDriver.execute(RemoteWebDriver.java:552)
at org.openqa.selenium.remote.RemoteWebDriver.startSession(RemoteWebDriver.java:213)
at org.openqa.selenium.remote.RemoteWebDriver.<init>(RemoteWebDriver.java:131)
at org.openqa.selenium.chrome.ChromeDriver.<init>(ChromeDriver.java:181)
at org.openqa.selenium.chrome.ChromeDriver.<init>(ChromeDriver.java:168)
at org.openqa.selenium.chrome.ChromeDriver.<init>(ChromeDriver.java:123)
at basepage.Basepage.browserLaunch(Basepage.java:86)
at homepage.TC001_CustomerRegd.beforeTest(TC001_CustomerRegd.java:28)
at sun.reflect.NativeMethodAccessorImpl.invoke0(Native Method)
at sun.reflect.NativeMethodAccessorImpl.invoke(NativeMethodAccessorImpl.java:62)
at sun.reflect.DelegatingMethodAccessorImpl.invoke(DelegatingMethodAccessorImpl.java:43)
at java.lang.reflect.Method.invoke(Method.java:498)
at org.testng.internal.MethodInvocationHelper.invokeMethod(MethodInvocationHelper.java:124)
at org.testng.internal.MethodInvocationHelper.invokeMethodConsideringTimeout(MethodInvocationHelper.java:59)
at org.testng.internal.Invoker.invokeConfigurationMethod(Invoker.java:458)
at org.testng.internal.Invoker.invokeConfigurations(Invoker.java:222)
at org.testng.internal.Invoker.invokeConfigurations(Invoker.java:142)
at org.testng.internal.TestMethodWorker.invokeBeforeClassMethods(TestMethodWorker.java:168)
at org.testng.internal.TestMethodWorker.run(TestMethodWorker.java:105)
at org.testng.TestRunner.privateRun(TestRunner.java:648)
at org.testng.TestRunner.run(TestRunner.java:505)
at org.testng.SuiteRunner.runTest(SuiteRunner.java:455)
at org.testng.SuiteRunner.runSequentially(SuiteRunner.java:450)
at org.testng.SuiteRunner.privateRun(SuiteRunner.java:415)
at org.testng.SuiteRunner.run(SuiteRunner.java:364)
at org.testng.SuiteRunnerWorker.runSuite(SuiteRunnerWorker.java:52)
at org.testng.SuiteRunnerWorker.run(SuiteRunnerWorker.java:84)
at org.testng.TestNG.runSuitesSequentially(TestNG.java:1208)
at org.testng.TestNG.runSuitesLocally(TestNG.java:1137)
at org.testng.TestNG.runSuites(TestNG.java:1049)
at org.testng.TestNG.run(TestNG.java:1017)
at org.testng.remote.AbstractRemoteTestNG.run(AbstractRemoteTestNG.java:114)
at org.testng.remote.RemoteTestNG.initAndRun(RemoteTestNG.java:251)
at org.testng.remote.RemoteTestNG.main(RemoteTestNG.java:77)
]]>
    </error>
  </testcase> <!-- beforeTest -->
  <testcase name="customerRegistration" time="0.000" classname="homepage.TC001_CustomerRegd">
    <skipped/>
  </testcase> <!-- customerRegistration -->
</testsuite> <!-- homepage.TC001_CustomerRegd -->
